\BOOKMARK [0][-]{chapter.1}{\376\377\000I\000n\000t\000r\000o\000d\000u\000c\000t\000i\000o\000n\000\040\173\200\116\313}{}% 1
\BOOKMARK [1][-]{section.1.1}{\376\377\133\374\212\000}{chapter.1}% 2
\BOOKMARK [0][-]{chapter.2}{\376\377\145\160\133\146\133\374\213\272\000\040\000-\000\040\151\202\217\360}{}% 3
\BOOKMARK [1][-]{section.2.1}{\376\377\122\115\212\000}{chapter.2}% 4
\BOOKMARK [1][-]{section.2.2}{\376\377\116\072\116\300\116\110\227\000\211\201\145\160\133\146}{chapter.2}% 5
\BOOKMARK [1][-]{section.2.3}{\376\377\116\272\174\173\131\202\117\125\210\150\171\072\145\160\133\127}{chapter.2}% 6
\BOOKMARK [1][-]{section.2.4}{\376\377\213\241\173\227\147\072\123\357\116\345\120\132\116\300\116\110\377\037}{chapter.2}% 7
\BOOKMARK [0][-]{chapter.3}{\376\377\145\160\133\146\133\374\213\272\000\040\000-\000\040\137\256\171\357\122\006\127\372\170\100\000:\133\374\145\160}{}% 8
\BOOKMARK [1][-]{section.3.1}{\376\377\121\375\145\160}{chapter.3}% 9
\BOOKMARK [1][-]{section.3.2}{\376\377\133\374\145\160}{chapter.3}% 10
\BOOKMARK [1][-]{section.3.3}{\376\377\133\374\145\160\116\016\137\256\122\006\377\010\116\000\121\103\121\375\145\160\377\011}{chapter.3}% 11
\BOOKMARK [1][-]{section.3.4}{\376\377\120\117\133\374\145\160}{chapter.3}% 12
\BOOKMARK [0][-]{chapter.4}{\376\377\145\160\133\146\133\374\213\272\000\040\000-\000\040\176\277\140\047\116\343\145\160\127\372\170\100\000:\167\351\226\065}{}% 13
\BOOKMARK [1][-]{section.4.1}{\376\377\167\351\226\065}{chapter.4}% 14
\BOOKMARK [1][-]{section.4.2}{\376\377\236\041\121\124\124\014\173\074}{chapter.4}% 15
\BOOKMARK [1][-]{section.4.3}{\376\377\176\277\140\047\145\271\172\013\176\304}{chapter.4}% 16
\BOOKMARK [1][-]{section.4.4}{\376\377\167\351\226\065\166\204\217\320\173\227}{chapter.4}% 17
\BOOKMARK [1][-]{section.4.5}{\376\377\167\351\226\065\166\204\217\154\177\156}{chapter.4}% 18
\BOOKMARK [1][-]{section.4.6}{\376\377\167\351\226\065\166\204\220\006}{chapter.4}% 19
\BOOKMARK [0][-]{chapter.5}{\376\377\145\160\133\146\133\374\213\272\000\040\000-\000\040\151\202\163\207\176\337\213\241\127\372\170\100\000:\226\217\147\072\123\330\221\317}{}% 20
\BOOKMARK [1][-]{section.5.1}{\376\377\151\202\163\207\000\046\176\337\213\241}{chapter.5}% 21
\BOOKMARK [1][-]{section.5.2}{\376\377\200\124\124\010\151\202\163\207}{chapter.5}% 22
\BOOKMARK [1][-]{section.5.3}{\376\377\147\141\116\366\151\202\163\207}{chapter.5}% 23
\BOOKMARK [1][-]{section.5.4}{\376\377\226\217\147\072\116\213\116\366}{chapter.5}% 24
\BOOKMARK [1][-]{section.5.5}{\376\377\145\160\133\146\147\037\147\033}{chapter.5}% 25
\BOOKMARK [1][-]{section.5.6}{\376\377\145\271\135\356}{chapter.5}% 26
\BOOKMARK [1][-]{section.5.7}{\376\377\150\007\121\306\135\356}{chapter.5}% 27
\BOOKMARK [1][-]{section.5.8}{\376\377\123\117\145\271\135\356}{chapter.5}% 28
\BOOKMARK [0][-]{chapter.6}{\376\377\145\160\133\146\133\374\213\272\000\040\000-\000\040\126\376\213\272\000:\126\376\166\204\151\202\137\365}{}% 29
\BOOKMARK [1][-]{section.6.1}{\376\377\126\376\213\272}{chapter.6}% 30
\BOOKMARK [1][-]{section.6.2}{\376\377\133\374\213\272\140\073\176\323\000:\000\040\145\160\133\146\131\202\117\125\217\320\165\050\116\216\000A\000I}{chapter.6}% 31
\BOOKMARK [0][-]{chapter.7}{\376\377\121\375\145\160}{}% 32
\BOOKMARK [1][-]{section.7.1}{\376\377\121\375\145\160}{chapter.7}% 33
\BOOKMARK [0][-]{chapter.8}{\376\377\147\201\226\120}{}% 34
\BOOKMARK [1][-]{section.8.1}{\376\377\147\201\226\120}{chapter.8}% 35
\BOOKMARK [0][-]{chapter.9}{\376\377\217\336\176\355}{}% 36
\BOOKMARK [1][-]{section.9.1}{\376\377\217\336\176\355}{chapter.9}% 37
\BOOKMARK [0][-]{chapter.10}{\376\377\137\256\171\357\122\006\000:\000\040\133\374\145\160}{}% 38
\BOOKMARK [1][-]{section.10.1}{\376\377\133\374\145\160}{chapter.10}% 39
\BOOKMARK [1][-]{section.10.2}{\376\377\154\102\133\374\133\236\117\213}{chapter.10}% 40
\BOOKMARK [1][-]{section.10.3}{\376\377\116\343\170\001\157\024\171\072\000:\000\040\217\355\116\343\154\325\154\102\211\343\116\214\153\041\121\375\145\160\147\000\134\017\120\074}{chapter.10}% 41
\BOOKMARK [1][-]{section.10.4}{\376\377\226\066}{chapte