mktextfm PingFang
mktextfm PingFang
mktextfm PingFang
mktextfm PingFang/BI
mktextfm PingFang
mktextfm PingFang/B
mktextfm PingFang
mktextfm PingFang/I
mktextfm PingFang
mktextfm PingFang
mktextfm PingFang
mktextfm PingFang
mktextfm PingFang
mktextfm PingFang
mktextfm PingFang
mktextfm PingFang
mktextfm PingFang
mktextfm PingFang
mktextfm PingFang
mktextfm PingFang
mktextfm PingFang
mktextfm PingFang
mktextfm PingFang
mktextfm PingFang
mktextfm PingFang
mktextfm PingFangSC
mktextfm PingFangSC
mktextfm PingFangSC
mktextfm PingFangSC/BI
mktextfm PingFangSC
mktextfm PingFangSC/B
mktextfm PingFangSC
mktextfm PingFangSC/I
mktextfm PingFangSC
mktextfm PingFangSC
mktextfm PingFangSC
mktextfm PingFangSC
mktextfm PingFangSC
mktextfm PingFangSC
mktextfm PingFangSC
mktextfm PingFangSC
mktextfm PingFangSC
mktextfm PingFangSC
mktextfm PingFangSC
mktextfm PingFangSC
mktextfm PingFangSC
mktextfm PingFangSC
mktextfm PingFangSC
mktextfm PingFangSC
mktextfm PingFangSC
mktextfm nullfont
mktextfm nullfont
